#
# There is insufficient memory for the Java Runtime Environment to continue.
# Native memory allocation (malloc) failed to allocate 223936 bytes for Chunk::new
# Possible reasons:
#   The system is out of physical RAM or swap space
#   The process is running with CompressedOops enabled, and the Java Heap may be blocking the growth of the native heap
# Possible solutions:
#   Reduce memory load on the system
#   Increase physical memory or swap space
#   Check if swap backing store is full
#   Decrease Java heap size (-Xmx/-Xms)
#   Decrease number of Java threads
#   Decrease Java thread stack sizes (-Xss)
#   Set larger code cache with -XX:ReservedCodeCacheSize=
#   JVM is running with Unscaled Compressed Oops mode in which the Java heap is
#     placed in the first 4GB address space. The Java Heap base address is the
#     maximum limit for the native heap growth. Please use -XX:HeapBaseMinAddress
#     to set the Java Heap base and to place the Java Heap above 4GB virtual address.
# This output file may be truncated or incomplete.
#
#  Out of Memory Error (arena.cpp:189), pid=8688, tid=7524
#
# JRE version: OpenJDK Runtime Environment Temurin-17.0.2+8 (17.0.2+8) (build 17.0.2+8)
# Java VM: OpenJDK 64-Bit Server VM Temurin-17.0.2+8 (17.0.2+8, mixed mode, tiered, compressed oops, compressed class ptrs, g1 gc, windows-amd64)
# No core dump will be written. Minidumps are not enabled by default on client versions of Windows
#

---------------  S U M M A R Y ------------

Command Line: -ea -Dfile.encoding=Cp1252 -XX:+ShowCodeDetailsInExceptionMessages org.testng.remote.RemoteTestNG -serport 57505 -protocol json -d C:\Users\admin\eclipse-workspace\MVNpro\test-output C:\Users\admin\eclipse-workspace\MVNpro\testng.xml

Host: Intel(R) Core(TM) i5-3210M CPU @ 2.50GHz, 4 cores, 3G,  Windows 7 , 64 bit Build 7601 (6.1.7601.18869)
Time: Wed Nov  2 18:17:09 2022 India Standard Time elapsed time: 27.958218 seconds (0d 0h 0m 27s)

---------------  T H R E A D  ---------------

Current thread (0x000000001a65cb50):  JavaThread "C2 CompilerThread0" daemon [_thread_in_native, id=7524, stack(0x000000005ba10000,0x000000005bb10000)]


Current CompileTask:
C2:  27958 2899       4       org.openqa.selenium.json.Input::read (18 bytes)

Stack: [0x000000005ba10000,0x000000005bb10000]
Native frames: (J=compiled Java code, j=interpreted, Vv=VM code, C=native code)
V  [jvm.dll+0x67564a]
V  [jvm.dll+0x82fc04]
V  [jvm.dll+0x8313ae]
V  [jvm.dll+0x831a13]
V  [jvm.dll+0x245235]
V  [jvm.dll+0xabd7b]
V  [jvm.dll+0xac30c]
V  [jvm.dll+0x2ac33f]
V  [jvm.dll+0x57c559]
V  [jvm.dll+0x2202ed]
V  [jvm.dll+0x2206cf]
V  [jvm.dll+0x219f25]
V  [jvm.dll+0x2173eb]
V  [jvm.dll+0x1a3a8d]
V  [jvm.dll+0x226ef8]
V  [jvm.dll+0x22503c]
V  [jvm.dll+0x7e596b]
V  [jvm.dll+0x7dff2a]
V  [jvm.dll+0x6744d5]
C  [ucrtbase.DLL+0x1c1ae]
C  [kernel32.dll+0x159cd]
C  [ntdll.dll+0x2b981]


---------------  P R O C E S S  ---------------

Threads class SMR info:
_java_thread_list=0x000000005e9b5bb0, length=35, elements={
0x000000000049e710, 0x000000001a61eb50, 0x000000001a61f890, 0x000000001a63cb20,
0x000000001a63d3e0, 0x000000001a63dca0, 0x000000001a63f2a0, 0x000000001a65cb50,
0x000000001a65d8f0, 0x000000001a661e00, 0x000000005be1fba0, 0x000000005be350e0,
0x000000005cb65040, 0x000000005e955ba0, 0x000000005e909130, 0x000000005e5c57e0,
0x000000005cd27030, 0x000000005ec1fa70, 0x0000000060dae9a0, 0x0000000060e568e0,
0x0000000060e56db0, 0x0000000060e57280, 0x0000000060e57750, 0x0000000060e57c20,
0x0000000060e580f0, 0x0000000060e585c0, 0x0000000060e58a90, 0x0000000060e58f60,
0x0000000060e59430, 0x0000000060e59900, 0x0000000060e59dd0, 0x0000000060e5a2a0,
0x0000000063291090, 0x0000000063291a30, 0x0000000063291f00
}

Java Threads: ( => current thread )
  0x000000000049e710 JavaThread "main" [_thread_blocked, id=6456, stack(0x00000000020b0000,0x00000000021b0000)]
  0x000000001a61eb50 JavaThread "Reference Handler" daemon [_thread_blocked, id=9296, stack(0x000000005b1e0000,0x000000005b2e0000)]
  0x000000001a61f890 JavaThread "Finalizer" daemon [_thread_blocked, id=9956, stack(0x000000001a2c0000,0x000000001a3c0000)]
  0x000000001a63cb20 JavaThread "Signal Dispatcher" daemon [_thread_blocked, id=9572, stack(0x000000005b3f0000,0x000000005b4f0000)]
  0x000000001a63d3e0 JavaThread "Attach Listener" daemon [_thread_blocked, id=9844, stack(0x000000005b2f0000,0x000000005b3f0000)]
  0x000000001a63dca0 JavaThread "Service Thread" daemon [_thread_blocked, id=7388, stack(0x000000005b590000,0x000000005b690000)]
  0x000000001a63f2a0 JavaThread "Monitor Deflation Thread" daemon [_thread_blocked, id=7444, stack(0x000000005b860000,0x000000005b960000)]
=>0x000000001a65cb50 JavaThread "C2 CompilerThread0" daemon [_thread_in_native, id=7524, stack(0x000000005ba10000,0x000000005bb10000)]
  0x000000001a65d8f0 JavaThread "C1 CompilerThread0" daemon [_thread_blocked, id=9628, stack(0x000000005b740000,0x000000005b840000)]
  0x000000001a661e00 JavaThread "Sweeper thread" daemon [_thread_blocked, id=9436, stack(0x000000005bca0000,0x000000005bda0000)]
  0x000000005be1fba0 JavaThread "Notification Thread" daemon [_thread_blocked, id=8468, stack(0x000000005bb40000,0x000000005bc40000)]
  0x000000005be350e0 JavaThread "Common-Cleaner" daemon [_thread_blocked, id=7452, stack(0x000000005c280000,0x000000005c380000)]
  0x000000005cb65040 JavaThread "ReaderThread" [_thread_in_native, id=8464, stack(0x000000005d600000,0x000000005d700000)]
  0x000000005e955ba0 JavaThread "Forwarding get on session ed5a081c3c47e554d089cd483e2ced04 to remote" [_thread_in_native, id=6624, stack(0x000000005fc50000,0x000000005fd50000)]
  0x000000005e909130 JavaThread "Forwarding maximizeCurrentWindow on session f04ab0130c6824a3e2df11f52967baa8 to remote" [_thread_in_native, id=6952, stack(0x000000005fdd0000,0x000000005fed0000)]
  0x000000005e5c57e0 JavaThread "Forwarding get on session 141f4abb80272378eaa466ace0084213 to remote" [_thread_in_native, id=9676, stack(0x000000005ff80000,0x0000000060080000)]
  0x000000005cd27030 JavaThread "Forwarding maximizeCurrentWindow on session 9a49a136f732510cc39e7ed2b239275e to remote" [_thread_in_native, id=6544, stack(0x0000000060230000,0x0000000060330000)]
  0x000000005ec1fa70 JavaThread "Exec Default Executor" daemon [_thread_in_native, id=2496, stack(0x0000000061c90000,0x0000000061d90000)]
  0x0000000060dae9a0 JavaThread "Exec Default Executor" daemon [_thread_in_native, id=7568, stack(0x0000000061f10000,0x0000000062010000)]
  0x0000000060e568e0 JavaThread "Exec Default Executor" daemon [_thread_in_native, id=4884, stack(0x0000000062010000,0x0000000062110000)]
  0x0000000060e56db0 JavaThread "UrlChecker-2" daemon [_thread_blocked, id=7556, stack(0x0000000062130000,0x0000000062230000)]
  0x0000000060e57280 JavaThread "UrlChecker-3" daemon [_thread_blocked, id=2256, stack(0x00000000600a0000,0x00000000601a0000)]
  0x0000000060e57750 JavaThread "UrlChecker-4" daemon [_thread_blocked, id=7460, stack(0x00000000622b0000,0x00000000623b0000)]
  0x0000000060e57c20 JavaThread "Exec Stream Pumper" daemon [_thread_in_native, id=7372, stack(0x00000000624b0000,0x00000000625b0000)]
  0x0000000060e580f0 JavaThread "Exec Stream Pumper" daemon [_thread_in_native, id=6920, stack(0x000000005d500000,0x000000005d600000)]
  0x0000000060e585c0 JavaThread "Exec Stream Pumper" daemon [_thread_in_native, id=7720, stack(0x00000000626b0000,0x00000000627b0000)]
  0x0000000060e58a90 JavaThread "Exec Stream Pumper" daemon [_thread_in_native, id=9684, stack(0x00000000627d0000,0x00000000628d0000)]
  0x0000000060e58f60 JavaThread "Exec Stream Pumper" daemon [_thread_in_native, id=7428, stack(0x0000000062950000,0x0000000062a50000)]
  0x0000000060e59430 JavaThread "Exec Stream Pumper" daemon [_thread_in_native, id=6992, stack(0x0000000062ab0000,0x0000000062bb0000)]
  0x0000000060e59900 JavaThread "Exec Default Executor" daemon [_thread_in_native, id=3508, stack(0x0000000064390000,0x0000000064490000)]
  0x0000000060e59dd0 JavaThread "UrlChecker-5" daemon [_thread_blocked, id=8480, stack(0x0000000064220000,0x0000000064320000)]
  0x0000000060e5a2a0 JavaThread "Exec Stream Pumper" daemon [_thread_in_native, id=9324, stack(0x0000000064590000,0x0000000064690000)]
  0x0000000063291090 JavaThread "Exec Stream Pumper" daemon [_thread_in_native, id=8568, stack(0x000000005d1b0000,0x000000005d2b0000)]
  0x0000000063291a30 JavaThread "OkHttp ConnectionPool" daemon [_thread_blocked, id=9984, stack(0x0000000063c40000,0x0000000063d40000)]
  0x0000000063291f00 JavaThread "Okio Watchdog" daemon [_thread_blocked, id=5576, stack(0x0000000063df0000,0x0000000063ef0000)]

Other Threads:
  0x000000001a60a3f0 VMThread "VM Thread" [stack: 0x000000005b050000,0x000000005b150000] [id=6168]
  0x000000005be20c70 WatcherThread [stack: 0x000000005c390000,0x000000005c490000] [id=8884]
  0x00000000004d3520 GCTaskThread "GC Thread#0" [stack: 0x00000000177f0000,0x00000000178f0000] [id=4184]
  0x000000005cc325d0 GCTaskThread "GC Thread#1" [stack: 0x000000005c4e0000,0x000000005c5e0000] [id=4776]
  0x000000005cc32880 GCTaskThread "GC Thread#2" [stack: 0x000000005cf90000,0x000000005d090000] [id=5832]
  0x000000005cc00a90 GCTaskThread "GC Thread#3" [stack: 0x000000005e000000,0x000000005e100000] [id=9180]
  0x00000000004dc490 ConcurrentGCThread "G1 Main Marker" [stack: 0x00000000179f0000,0x0000000017af0000] [id=5544]
  0x00000000004df550 ConcurrentGCThread "G1 Conc#0" [stack: 0x0000000017b80000,0x0000000017c80000] [id=6588]
  0x000000000051fad0 ConcurrentGCThread "G1 Refine#0" [stack: 0x000000001a190000,0x000000001a290000] [id=6892]
  0x000000005cc00d40 ConcurrentGCThread "G1 Refine#1" [stack: 0x000000005e280000,0x000000005e380000] [id=5452]
  0x0000000017904470 ConcurrentGCThread "G1 Service" [stack: 0x000000001a450000,0x000000001a550000] [id=3824]

Threads with active compile tasks:
C2 CompilerThread0    32491 2899       4       org.openqa.selenium.json.Input::read (18 bytes)

VM state: not at safepoint (normal execution)

VM Mutex/Monitor currently owned by a thread: None

Heap address: 0x00000000c1800000, size: 1000 MB, Compressed Oops mode: 32-bit

CDS archive(s) not mapped
Compressed class space mapped at: 0x000000001a800000-0x000000005a800000, reserved size: 1073741824
Narrow klass base: 0x0000000000000000, Narrow klass shift: 0, Narrow klass range: 0x5a800000

GC Precious Log:
 CPUs: 4 total, 4 available
 Memory: 3998M
 Large Page Support: Disabled
 NUMA Support: Disabled
 Compressed Oops: Enabled (32-bit)
 Heap Region Size: 1M
 Heap Min Capacity: 8M
 Heap Initial Capacity: 64M
 Heap Max Capacity: 1000M
 Pre-touch: Disabled
 Parallel Workers: 4
 Concurrent Workers: 1
 Concurrent Refinement Workers: 4
 Periodic GC: Disabled

Heap:
 garbage-first heap   total 61440K, used 28980K [0x00000000c1800000, 0x0000000100000000)
  region size 1024K, 20 young (20480K), 2 survivors (2048K)
 Metaspace       used 34386K, committed 34688K, reserved 1081344K
  class space    used 3940K, committed 4096K, reserved 1048576K

Heap Regions: E=young(eden), S=young(survivor), O=old, HS=humongous(starts), HC=humongous(continues), CS=collection set, F=free, OA=open archive, CA=closed archive, TAMS=top-at-mark-start (previous, next)
|   0|0x00000000c1800000, 0x00000000c1900000, 0x00000000c1900000|100%| O|  |TAMS 0x00000000c1900000, 0x00000000c1800000| Untracked 
|   1|0x00000000c1900000, 0x00000000c1a00000, 0x00000000c1a00000|100%| O|  |TAMS 0x00000000c1a00000, 0x00000000c1900000| Untracked 
|   2|0x00000000c1a00000, 0x00000000c1b00000, 0x00000000c1b00000|100%| O|  |TAMS 0x00000000c1b00000, 0x00000000c1a00000| Untracked 
|   3|0x00000000c1b00000, 0x00000000c1c00000, 0x00000000c1c00000|100%| O|  |TAMS 0x00000000c1c00000, 0x00000000c1b00000| Untracked 
|   4|0x00000000c1c00000, 0x00000000c1d00000, 0x00000000c1d00000|100%| O|  |TAMS 0x00000000c1c00000, 0x00000000c1c00000| Untracked 
|   5|0x00000000c1d00000, 0x00000000c1e00000, 0x00000000c1e00000|100%| O|  |TAMS 0x00000000c1d00000, 0x00000000c1d00000| Untracked 
|   6|0x00000000c1e00000, 0x00000000c1f00000, 0x00000000c1f00000|100%| O|  |TAMS 0x00000000c1e00000, 0x00000000c1e00000| Untracked 
|   7|0x00000000c1f00000, 0x00000000c2000000, 0x00000000c2000000|100%| O|  |TAMS 0x00000000c1f00000, 0x00000000c1f00000| Untracked 
|   8|0x00000000c2000000, 0x00000000c2065e00, 0x00000000c2100000| 39%| O|  |TAMS 0x00000000c2000000, 0x00000000c2000000| Untracked 
|   9|0x00000000c2100000, 0x00000000c2100000, 0x00000000c2200000|  0%| F|  |TAMS 0x00000000c2100000, 0x00000000c2100000| Untracked 
|  10|0x00000000c2200000, 0x00000000c2200000, 0x00000000c2300000|  0%| F|  |TAMS 0x00000000c2200000, 0x00000000c2200000| Untracked 
|  11|0x00000000c2300000, 0x00000000c2300000, 0x00000000c2400000|  0%| F|  |TAMS 0x00000000c2300000, 0x00000000c2300000| Untracked 
|  12|0x00000000c2400000, 0x00000000c2500000, 0x00000000c2500000|100%| O|  |TAMS 0x00000000c2400000, 0x00000000c2400000| Untracked 
|  13|0x00000000c2500000, 0x00000000c2600000, 0x00000000c2600000|100%| O|  |TAMS 0x00000000c2500000, 0x00000000c2500000| Untracked 
|  14|0x00000000c2600000, 0x00000000c2600000, 0x00000000c2700000|  0%| F|  |TAMS 0x00000000c2600000, 0x00000000c2600000| Untracked 
|  15|0x00000000c2700000, 0x00000000c2700000, 0x00000000c2800000|  0%| F|  |TAMS 0x00000000c2700000, 0x00000000c2700000| Untracked 
|  16|0x00000000c2800000, 0x00000000c2800000, 0x00000000c2900000|  0%| F|  |TAMS 0x00000000c2800000, 0x00000000c2800000| Untracked 
|  17|0x00000000c2900000, 0x00000000c29e72f8, 0x00000000c2a00000| 90%| S|CS|TAMS 0x00000000c2900000, 0x00000000c2900000| Complete 
|  18|0x00000000c2a00000, 0x00000000c2b00000, 0x00000000c2b00000|100%| S|CS|TAMS 0x00000000c2a00000, 0x00000000c2a00000| Complete 
|  19|0x00000000c2b00000, 0x00000000c2b00000, 0x00000000c2c00000|  0%| F|  |TAMS 0x00000000c2b00000, 0x00000000c2b00000| Untracked 
|  20|0x00000000c2c00000, 0x00000000c2c00000, 0x00000000c2d00000|  0%| F|  |TAMS 0x00000000c2c00000, 0x00000000c2c00000| Untracked 
|  21|0x00000000c2d00000, 0x00000000c2d00000, 0x00000000c2e00000|  0%| F|  |TAMS 0x00000000c2d00000, 0x00000000c2d00000| Untracked 
|  22|0x00000000c2e00000, 0x00000000c2e00000, 0x00000000c2f00000|  0%| F|  |TAMS 0x00000000c2e00000, 0x00000000c2e00000| Untracked 
|  23|0x00000000c2f00000, 0x00000000c2f00000, 0x00000000c3000000|  0%| F|  |TAMS 0x00000000c2f00000, 0x00000000c2f00000| Untracked 
|  24|0x00000000c3000000, 0x00000000c3000000, 0x00000000c3100000|  0%| F|  |TAMS 0x00000000c3000000, 0x00000000c3000000| Untracked 
|  25|0x00000000c3100000, 0x00000000c3100000, 0x00000000c3200000|  0%| F|  |TAMS 0x00000000c3100000, 0x00000000c3100000| Untracked 
|  26|0x00000000c3200000, 0x00000000c3200000, 0x00000000c3300000|  0%| F|  |TAMS 0x00000000c3200000, 0x00000000c3200000| Untracked 
|  27|0x00000000c3300000, 0x00000000c3300000, 0x00000000c3400000|  0%| F|  |TAMS 0x00000000c3300000, 0x00000000c3300000| Untracked 
|  28|0x00000000c3400000, 0x00000000c3400000, 0x00000000c3500000|  0%| F|  |TAMS 0x00000000c3400000, 0x00000000c3400000| Untracked 
|  29|0x00000000c3500000, 0x00000000c3500000, 0x00000000c3600000|  0%| F|  |TAMS 0x00000000c3500000, 0x00000000c3500000| Untracked 
|  30|0x00000000c3600000, 0x00000000c3600000, 0x00000000c3700000|  0%| F|  |TAMS 0x00000000c3600000, 0x00000000c3600000| Untracked 
|  31|0x00000000c3700000, 0x00000000c3700000, 0x00000000c3800000|  0%| F|  |TAMS 0x00000000c3700000, 0x00000000c3700000| Untracked 
|  32|0x00000000c3800000, 0x00000000c3800000, 0x00000000c3900000|  0%| F|  |TAMS 0x00000000c3800000, 0x00000000c3800000| Untracked 
|  33|0x00000000c3900000, 0x00000000c3900000, 0x00000000c3a00000|  0%| F|  |TAMS 0x00000000c3900000, 0x00000000c3900000| Untracked 
|  34|0x00000000c3a00000, 0x00000000c3a00000, 0x00000000c3b00000|  0%| F|  |TAMS 0x00000000c3a00000, 0x00000000c3a00000| Untracked 
|  35|0x00000000c3b00000, 0x00000000c3b00000, 0x00000000c3c00000|  0%| F|  |TAMS 0x00000000c3b00000, 0x00000000c3b00000| Untracked 
|  36|0x00000000c3c00000, 0x00000000c3c00000, 0x00000000c3d00000|  0%| F|  |TAMS 0x00000000c3c00000, 0x00000000c3c00000| Untracked 
|  37|0x00000000c3d00000, 0x00000000c3d00000, 0x00000000c3e00000|  0%| F|  |TAMS 0x00000000c3d00000, 0x00000000c3d00000| Untracked 
|  38|0x00000000c3e00000, 0x00000000c3e00000, 0x00000000c3f00000|  0%| F|  |TAMS 0x00000000c3e00000, 0x00000000c3e00000| Untracked 
|  39|0x00000000c3f00000, 0x00000000c3f00000, 0x00000000c4000000|  0%| F|  |TAMS 0x00000000c3f00000, 0x00000000c3f00000| Untracked 
|  40|0x00000000c4000000, 0x00000000c4000000, 0x00000000c4100000|  0%| F|  |TAMS 0x00000000c4000000, 0x00000000c4000000| Untracked 
|  41|0x00000000c4100000, 0x00000000c4100000, 0x00000000c4200000|  0%| F|  |TAMS 0x00000000c4100000, 0x00000000c4100000| Untracked 
|  42|0x00000000c4200000, 0x00000000c4284828, 0x00000000c4300000| 51%| E|  |TAMS 0x00000000c4200000, 0x00000000c4200000| Complete 
|  43|0x00000000c4300000, 0x00000000c4400000, 0x00000000c4400000|100%| E|CS|TAMS 0x00000000c4300000, 0x00000000c4300000| Complete 
|  44|0x00000000c4400000, 0x00000000c4500000, 0x00000000c4500000|100%| E|CS|TAMS 0x00000000c4400000, 0x00000000c4400000| Complete 
|  45|0x00000000c4500000, 0x00000000c4600000, 0x00000000c4600000|100%| E|CS|TAMS 0x00000000c4500000, 0x00000000c4500000| Complete 
|  46|0x00000000c4600000, 0x00000000c4700000, 0x00000000c4700000|100%| E|CS|TAMS 0x00000000c4600000, 0x00000000c4600000| Complete 
|  47|0x00000000c4700000, 0x00000000c4800000, 0x00000000c4800000|100%| E|  |TAMS 0x00000000c4700000, 0x00000000c4700000| Complete 
|  48|0x00000000c4800000, 0x00000000c4900000, 0x00000000c4900000|100%| E|CS|TAMS 0x00000000c4800000, 0x00000000c4800000| Complete 
|  49|0x00000000c4900000, 0x00000000c4a00000, 0x00000000c4a00000|100%| E|CS|TAMS 0x00000000c4900000, 0x00000000c4900000| Complete 
|  50|0x00000000c4a00000, 0x00000000c4b00000, 0x00000000c4b00000|100%| E|CS|TAMS 0x00000000c4a00000, 0x00000000c4a00000| Complete 
|  51|0x00000000c4b00000, 0x00000000c4c00000, 0x00000000c4c00000|100%| E|CS|TAMS 0x00000000c4b00000, 0x00000000c4b00000| Complete 
|  52|0x00000000c4c00000, 0x00000000c4d00000, 0x00000000c4d00000|100%| E|CS|TAMS 0x00000000c4c00000, 0x00000000c4c00000| Complete 
|  53|0x00000000c4d00000, 0x00000000c4e00000, 0x00000000c4e00000|100%| E|CS|TAMS 0x00000000c4d00000, 0x00000000c4d00000| Complete 
|  54|0x00000000c4e00000, 0x00000000c4f00000, 0x00000000c4f00000|100%| E|CS|TAMS 0x00000000c4e00000, 0x00000000c4e00000| Complete 
|  55|0x00000000c4f00000, 0x00000000c5000000, 0x00000000c5000000|100%| E|CS|TAMS 0x00000000c4f00000, 0x00000000c4f00000| Complete 
|  56|0x00000000c5000000, 0x00000000c5100000, 0x00000000c5100000|100%| E|CS|TAMS 0x00000000c5000000, 0x00000000c5000000| Complete 
|  57|0x00000000c5100000, 0x00000000c5200000, 0x00000000c5200000|100%| E|CS|TAMS 0x00000000c5100000, 0x00000000c5100000| Complete 
|  58|0x00000000c5200000, 0x00000000c5300000, 0x00000000c5300000|100%| E|CS|TAMS 0x00000000c5200000, 0x00000000c5200000| Complete 
|  63|0x00000000c5700000, 0x00000000c5800000, 0x00000000c5800000|100%| E|CS|TAMS 0x00000000c5700000, 0x00000000c5700000| Complete 

Card table byte_map: [0x0000000015450000,0x0000000015650000] _byte_map_base: 0x0000000014e44000

Marking Bits (Prev, Next): (CMBitMap*) 0x00000000004d3a80, (CMBitMap*) 0x00000000004d3a40
 Prev Bits: [0x00000000167f0000, 0x0000000017790000)
 Next Bits: [0x0000000015850000, 0x00000000167f0000)

Polling page: 0x0000000000120000

Metaspace:

Usage:
  Non-class:     29.73 MB used.
      Class:      3.85 MB used.
       Both:     33.58 MB used.

Virtual space:
  Non-class space:       32.00 MB reserved,      29.88 MB ( 93%) committed,  4 nodes.
      Class space:        1.00 GB reserved,       4.00 MB ( <1%) committed,  1 nodes.
             Both:        1.03 GB reserved,      33.88 MB (  3%) committed. 

Chunk freelists:
   Non-Class:  1.89 MB
       Class:  7.00 KB
        Both:  1.90 MB

MaxMetaspaceSize: unlimited
CompressedClassSpaceSize: 1.00 GB
Initial GC threshold: 21.00 MB
Current GC threshold: 35.13 MB
CDS: off
MetaspaceReclaimPolicy: balanced
 - commit_granule_bytes: 65536.
 - commit_granule_words: 8192.
 - virtual_space_node_default_size: 1048576.
 - enlarge_chunks_in_place: 1.
 - new_chunks_are_fully_committed: 0.
 - uncommit_free_chunks: 1.
 - use_allocation_guard: 0.
 - handle_deallocations: 1.


Internal statistics:

num_allocs_failed_limit: 3.
num_arena_births: 312.
num_arena_deaths: 0.
num_vsnodes_births: 5.
num_vsnodes_deaths: 0.
num_space_committed: 542.
num_space_uncommitted: 0.
num_chunks_returned_to_freelist: 3.
num_chunks_taken_from_freelist: 1043.
num_chunk_merges: 3.
num_chunk_splits: 665.
num_chunks_enlarged: 470.
num_purges: 0.
num_inconsistent_stats: 0.

CodeHeap 'non-profiled nmethods': size=120000Kb used=1290Kb max_used=1290Kb free=118709Kb
 bounds [0x000000000d8e0000, 0x000000000db50000, 0x0000000014e10000]
CodeHeap 'profiled nmethods': size=120000Kb used=5936Kb max_used=5936Kb free=114063Kb
 bounds [0x00000000063b0000, 0x0000000006980000, 0x000000000d8e0000]
CodeHeap 'non-nmethods': size=5760Kb used=1287Kb max_used=1334Kb free=4472Kb
 bounds [0x0000000005e10000, 0x0000000006080000, 0x00000000063b0000]
 total_blobs=3586 nmethods=2977 adapters=521
 compilation: enabled
              stopped_count=0, restarted_count=0
 full_count=0

Compilation events (20 events):
Event: 25.234 Thread 0x000000001a65d8f0 2901       3       java.util.AbstractMap$SimpleImmutableEntry::<init> (15 bytes)
Event: 25.234 Thread 0x000000001a65d8f0 nmethod 2901 0x000000000695a390 code [0x000000000695a540, 0x000000000695a758]
Event: 25.234 Thread 0x000000001a65d8f0 2902       3       java.time.Instant::ofEpochSecond (31 bytes)
Event: 25.234 Thread 0x000000001a65d8f0 nmethod 2902 0x000000000695a810 code [0x000000000695a9e0, 0x000000000695abb8]
Event: 25.240 Thread 0x000000001a65d8f0 2904       3       com.google.common.base.Splitter$SplittingIterator::computeNext (279 bytes)
Event: 25.242 Thread 0x000000001a65d8f0 nmethod 2904 0x000000000695ad10 code [0x000000000695b000, 0x000000000695c288]
Event: 25.242 Thread 0x000000001a65d8f0 2906       3       com.google.common.collect.ImmutableList$Builder::getReadyToExpandTo (66 bytes)
Event: 25.242 Thread 0x000000001a65d8f0 nmethod 2906 0x000000000695c790 code [0x000000000695c980, 0x000000000695cdc8]
Event: 25.242 Thread 0x000000001a65d8f0 2905       3       com.google.common.collect.ImmutableCollection::<init> (5 bytes)
Event: 25.243 Thread 0x000000001a65d8f0 nmethod 2905 0x000000000695cf90 code [0x000000000695d140, 0x000000000695d2f8]
Event: 25.243 Thread 0x000000001a65d8f0 2912       3       sun.nio.ch.Util::isBufferTooLarge (15 bytes)
Event: 25.243 Thread 0x000000001a65d8f0 nmethod 2912 0x000000000695d410 code [0x000000000695d5a0, 0x000000000695d6f8]
Event: 25.243 Thread 0x000000001a65d8f0 2907       1       com.google.common.base.Splitter::access$200 (5 bytes)
Event: 25.243 Thread 0x000000001a65d8f0 nmethod 2907 0x000000000da20690 code [0x000000000da20820, 0x000000000da208d8]
Event: 25.243 Thread 0x000000001a65d8f0 2908       1       com.google.common.base.Splitter::access$300 (5 bytes)
Event: 25.243 Thread 0x000000001a65d8f0 nmethod 2908 0x000000000da20990 code [0x000000000da20b20, 0x000000000da20bd8]
Event: 25.243 Thread 0x000000001a65d8f0 2909       1       com.google.common.base.Splitter::access$400 (5 bytes)
Event: 25.243 Thread 0x000000001a65d8f0 nmethod 2909 0x000000000da20c90 code [0x000000000da20e20, 0x000000000da20ed8]
Event: 25.243 Thread 0x000000001a65d8f0 2911       3       java.util.stream.Collectors$CollectorImpl::<init> (13 bytes)
Event: 25.243 Thread 0x000000001a65d8f0 nmethod 2911 0x000000000695d790 code [0x000000000695d960, 0x000000000695de98]

GC Heap History (16 events):
Event: 0.838 GC heap before
{Heap before GC invocations=0 (full 0):
 garbage-first heap   total 65536K, used 12288K [0x00000000c1800000, 0x0000000100000000)
  region size 1024K, 13 young (13312K), 0 survivors (0K)
 Metaspace       used 12342K, committed 12544K, reserved 1064960K
  class space    used 1189K, committed 1280K, reserved 1048576K
}
Event: 0.843 GC heap after
{Heap after GC invocations=1 (full 0):
 garbage-first heap   total 65536K, used 4890K [0x00000000c1800000, 0x0000000100000000)
  region size 1024K, 2 young (2048K), 2 survivors (2048K)
 Metaspace       used 12342K, committed 12544K, reserved 1064960K
  class space    used 1189K, committed 1280K, reserved 1048576K
}
Event: 1.276 GC heap before
{Heap before GC invocations=1 (full 0):
 garbage-first heap   total 65536K, used 15130K [0x00000000c1800000, 0x0000000100000000)
  region size 1024K, 12 young (12288K), 2 survivors (2048K)
 Metaspace       used 15390K, committed 15488K, reserved 1064960K
  class space    used 1506K, committed 1536K, reserved 1048576K
}
Event: 1.279 GC heap after
{Heap after GC invocations=2 (full 0):
 garbage-first heap   total 65536K, used 6046K [0x00000000c1800000, 0x0000000100000000)
  region size 1024K, 2 young (2048K), 2 survivors (2048K)
 Metaspace       used 15390K, committed 15488K, reserved 1064960K
  class space    used 1506K, committed 1536K, reserved 1048576K
}
Event: 1.901 GC heap before
{Heap before GC invocations=2 (full 0):
 garbage-first heap   total 65536K, used 23454K [0x00000000c1800000, 0x0000000100000000)
  region size 1024K, 20 young (20480K), 2 survivors (2048K)
 Metaspace       used 21295K, committed 21504K, reserved 1073152K
  class space    used 2226K, committed 2304K, reserved 1048576K
}
Event: 1.907 GC heap after
{Heap after GC invocations=3 (full 0):
 garbage-first heap   total 65536K, used 7556K [0x00000000c1800000, 0x0000000100000000)
  region size 1024K, 3 young (3072K), 3 survivors (3072K)
 Metaspace       used 21295K, committed 21504K, reserved 1073152K
  class space    used 2226K, committed 2304K, reserved 1048576K
}
Event: 2.244 GC heap before
{Heap before GC invocations=4 (full 0):
 garbage-first heap   total 30720K, used 20868K [0x00000000c1800000, 0x0000000100000000)
  region size 1024K, 18 young (18432K), 3 survivors (3072K)
 Metaspace       used 24345K, committed 24576K, reserved 1073152K
  class space    used 2658K, committed 2752K, reserved 1048576K
}
Event: 2.252 GC heap after
{Heap after GC invocations=5 (full 0):
 garbage-first heap   total 30720K, used 9061K [0x00000000c1800000, 0x0000000100000000)
  region size 1024K, 4 young (4096K), 4 survivors (4096K)
 Metaspace       used 24345K, committed 24576K, reserved 1073152K
  class space    used 2658K, committed 2752K, reserved 1048576K
}
Event: 2.283 GC heap before
{Heap before GC invocations=5 (full 0):
 garbage-first heap   total 30720K, used 10085K [0x00000000c1800000, 0x0000000100000000)
  region size 1024K, 5 young (5120K), 4 survivors (4096K)
 Metaspace       used 24421K, committed 24640K, reserved 1073152K
  class space    used 2667K, committed 2752K, reserved 1048576K
}
Event: 2.299 GC heap after
{Heap after GC invocations=6 (full 0):
 garbage-first heap   total 30720K, used 9421K [0x00000000c1800000, 0x0000000100000000)
  region size 1024K, 1 young (1024K), 1 survivors (1024K)
 Metaspace       used 24421K, committed 24640K, reserved 1073152K
  class space    used 2667K, committed 2752K, reserved 1048576K
}
Event: 2.540 GC heap before
{Heap before GC invocations=6 (full 0):
 garbage-first heap   total 30720K, used 19661K [0x00000000c1800000, 0x0000000100000000)
  region size 1024K, 11 young (11264K), 1 survivors (1024K)
 Metaspace       used 25497K, committed 25728K, reserved 1073152K
  class space    used 2763K, committed 2880K, reserved 1048576K
}
Event: 2.547 GC heap after
{Heap after GC invocations=7 (full 0):
 garbage-first heap   total 30720K, used 10732K [0x00000000c1800000, 0x0000000100000000)
  region size 1024K, 2 young (2048K), 2 survivors (2048K)
 Metaspace       used 25497K, committed 25728K, reserved 1073152K
  class space    used 2763K, committed 2880K, reserved 1048576K
}
Event: 2.837 GC heap before
{Heap before GC invocations=7 (full 0):
 garbage-first heap   total 30720K, used 19948K [0x00000000c1800000, 0x0000000100000000)
  region size 1024K, 12 young (12288K), 2 survivors (2048K)
 Metaspace       used 27225K, committed 27456K, reserved 1081344K
  class space    used 2986K, committed 3072K, reserved 1048576K
}
Event: 2.840 GC heap after
{Heap after GC invocations=8 (full 0):
 garbage-first heap   total 30720K, used 11392K [0x00000000c1800000, 0x0000000100000000)
  region size 1024K, 1 young (1024K), 1 survivors (1024K)
 Metaspace       used 27225K, committed 27456K, reserved 1081344K
  class space    used 2986K, committed 3072K, reserved 1048576K
}
Event: 3.360 GC heap before
{Heap before GC invocations=8 (full 0):
 garbage-first heap   total 30720K, used 20608K [0x00000000c1800000, 0x0000000100000000)
  region size 1024K, 11 young (11264K), 1 survivors (1024K)
 Metaspace       used 30952K, committed 31296K, reserved 1081344K
  class space    used 3441K, committed 3584K, reserved 1048576K
}
Event: 3.367 GC heap after
{Heap after GC invocations=9 (full 0):
 garbage-first heap   total 61440K, used 12596K [0x00000000c1800000, 0x0000000100000000)
  region size 1024K, 2 young (2048K), 2 survivors (2048K)
 Metaspace       used 30952K, committed 31296K, reserved 1081344K
  class space    used 3441K, committed 3584K, reserved 1048576K
}

Deoptimization events (20 events):
Event: 23.902 Thread 0x000000005e5c57e0 Uncommon trap: trap_request=0xffffffde fr.pc=0x000000000d9f015c relative=0x000000000000057c
Event: 23.902 Thread 0x000000005e5c57e0 Uncommon trap: reason=class_check action=maybe_recompile pc=0x000000000d9f015c method=org.openqa.selenium.json.Input.init()V @ 18 c2
Event: 23.903 Thread 0x000000005e5c57e0 DEOPT PACKING pc=0x000000000d9f015c sp=0x000000006007d120
Event: 23.903 Thread 0x000000005e5c57e0 DEOPT UNPACKING pc=0x0000000005e623a3 sp=0x000000006007d0f8 mode 2
Event: 23.904 Thread 0x000000005e5c57e0 Uncommon trap: trap_request=0xffffffde fr.pc=0x000000000d9f2b5c relative=0x000000000000057c
Event: 23.904 Thread 0x000000005e5c57e0 Uncommon trap: reason=class_check action=maybe_recompile pc=0x000000000d9f2b5c method=org.openqa.selenium.json.Input.init()V @ 18 c2
Event: 23.904 Thread 0x000000005e5c57e0 DEOPT PACKING pc=0x000000000d9f2b5c sp=0x000000006007cb60
Event: 23.904 Thread 0x000000005e5c57e0 DEOPT UNPACKING pc=0x0000000005e623a3 sp=0x000000006007cae0 mode 2
Event: 23.904 Thread 0x000000005e5c57e0 Uncommon trap: trap_request=0xffffffde fr.pc=0x000000000d9f2b5c relative=0x000000000000057c
Event: 23.904 Thread 0x000000005e5c57e0 Uncommon trap: reason=class_check action=maybe_recompile pc=0x000000000d9f2b5c method=org.openqa.selenium.json.Input.init()V @ 18 c2
Event: 23.904 Thread 0x000000005e5c57e0 DEOPT PACKING pc=0x000000000d9f2b5c sp=0x000000006007cb60
Event: 23.904 Thread 0x000000005e5c57e0 DEOPT UNPACKING pc=0x0000000005e623a3 sp=0x000000006007cae0 mode 2
Event: 23.904 Thread 0x000000005e5c57e0 Uncommon trap: trap_request=0xffffffde fr.pc=0x000000000d9f015c relative=0x000000000000057c
Event: 23.904 Thread 0x000000005e5c57e0 Uncommon trap: reason=class_check action=maybe_recompile pc=0x000000000d9f015c method=org.openqa.selenium.json.Input.init()V @ 18 c2
Event: 23.904 Thread 0x000000005e5c57e0 DEOPT PACKING pc=0x000000000d9f015c sp=0x000000006007cb00
Event: 23.904 Thread 0x000000005e5c57e0 DEOPT UNPACKING pc=0x0000000005e623a3 sp=0x000000006007cae0 mode 2
Event: 23.957 Thread 0x000000005e5c57e0 Uncommon trap: trap_request=0xffffff45 fr.pc=0x000000000d9b6f8c relative=0x000000000000008c
Event: 23.957 Thread 0x000000005e5c57e0 Uncommon trap: reason=unstable_if action=reinterpret pc=0x000000000d9b6f8c method=java.lang.Math.floorMod(JJ)J @ 10 c2
Event: 23.957 Thread 0x000000005e5c57e0 DEOPT PACKING pc=0x000000000d9b6f8c sp=0x000000006007ce60
Event: 23.957 Thread 0x000000005e5c57e0 DEOPT UNPACKING pc=0x0000000005e623a3 sp=0x000000006007cdf0 mode 2

Classes unloaded (0 events):
No events

Classes redefined (0 events):
No events

Internal exceptions (20 events):
Event: 3.398 Thread 0x000000005cd27030 Exception <a 'java/net/SocketException'{0x00000000c57dc288}: Socket is not connected: shutdown> (0x00000000c57dc288) 
thrown [e:\jenkins\tmp\workspace\build\src\src\hotspot\share\prims\jni.cpp, line 535]
Event: 3.516 Thread 0x0000000060e57280 Exception <a 'java/net/SocketException'{0x00000000c5240fd0}: Socket is not connected: shutdown> (0x00000000c5240fd0) 
thrown [e:\jenkins\tmp\workspace\build\src\src\hotspot\share\prims\jni.cpp, line 535]
Event: 3.521 Thread 0x0000000060e57750 Exception <a 'java/net/SocketException'{0x00000000c524f508}: Socket is not connected: shutdown> (0x00000000c524f508) 
thrown [e:\jenkins\tmp\workspace\build\src\src\hotspot\share\prims\jni.cpp, line 535]
Event: 3.543 Thread 0x0000000060e56db0 Exception <a 'java/net/SocketException'{0x00000000c528d3c8}: Socket is not connected: shutdown> (0x00000000c528d3c8) 
thrown [e:\jenkins\tmp\workspace\build\src\src\hotspot\share\prims\jni.cpp, line 535]
Event: 3.574 Thread 0x000000005e5c57e0 Exception <a 'java/lang/NoSuchMethodError'{0x00000000c510c740}: 'java.lang.Object java.lang.invoke.DirectMethodHandle$Holder.invokeInterface(java.lang.Object, java.lang.Object, java.lang.Object)'> (0x00000000c510c740) 
thrown [e:\jenkins\tmp\workspace\build\src\src\hotspot\share\interpreter\linkResolver.cpp, line 766]
Event: 3.574 Thread 0x000000005e5c57e0 Exception <a 'java/lang/IncompatibleClassChangeError'{0x00000000c510fe08}: Found class java.lang.Object, but interface was expected> (0x00000000c510fe08) 
thrown [e:\jenkins\tmp\workspace\build\src\src\hotspot\share\interpreter\linkResolver.cpp, line 833]
Event: 3.576 Thread 0x000000005e5c57e0 Exception <a 'java/lang/NoSuchMethodError'{0x00000000c5118570}: 'int java.lang.invoke.DirectMethodHandle$Holder.invokeSpecialIFC(java.lang.Object, java.lang.Object, java.lang.Object, java.lang.Object)'> (0x00000000c5118570) 
thrown [e:\jenkins\tmp\workspace\build\src\src\hotspot\share\interpreter\linkResolver.cpp, line 766]
Event: 3.577 Thread 0x000000005e5c57e0 Exception <a 'java/lang/NoSuchMethodError'{0x00000000c51206e0}: 'java.lang.Object java.lang.invoke.DirectMethodHandle$Holder.invokeInterface(java.lang.Object, java.lang.Object, java.lang.Object, java.lang.Object)'> (0x00000000c51206e0) 
thrown [e:\jenkins\tmp\workspace\build\src\src\hotspot\share\interpreter\linkResolver.cpp, line 766]
Event: 3.580 Thread 0x000000005e955ba0 Exception <a 'java/lang/NoSuchMethodError'{0x00000000c52fae08}: 'java.lang.Object java.lang.invoke.DirectMethodHandle$Holder.invokeInterface(java.lang.Object, java.lang.Object, java.lang.Object, java.lang.Object)'> (0x00000000c52fae08) 
thrown [e:\jenkins\tmp\workspace\build\src\src\hotspot\share\interpreter\linkResolver.cpp, line 766]
Event: 3.593 Thread 0x000000005e909130 Exception <a 'java/lang/NoSuchMethodError'{0x00000000c52c3da8}: 'java.lang.Object java.lang.invoke.DirectMethodHandle$Holder.invokeInterface(java.lang.Object, java.lang.Object, java.lang.Object, java.lang.Object)'> (0x00000000c52c3da8) 
thrown [e:\jenkins\tmp\workspace\build\src\src\hotspot\share\interpreter\linkResolver.cpp, line 766]
Event: 3.603 Thread 0x000000005e955ba0 Exception <a 'java/lang/NoSuchMethodError'{0x00000000c51cf250}: 'void java.lang.invoke.DirectMethodHandle$Holder.invokeInterface(java.lang.Object, java.lang.Object, java.lang.Object)'> (0x00000000c51cf250) 
thrown [e:\jenkins\tmp\workspace\build\src\src\hotspot\share\interpreter\linkResolver.cpp, line 766]
Event: 3.627 Thread 0x000000005e909130 Exception <a 'java/lang/NoSuchMethodError'{0x00000000c5031660}: 'double java.lang.invoke.DirectMethodHandle$Holder.invokeVirtual(java.lang.Object, java.lang.Object)'> (0x00000000c5031660) 
thrown [e:\jenkins\tmp\workspace\build\src\src\hotspot\share\interpreter\linkResolver.cpp, line 766]
Event: 3.629 Thread 0x000000005e909130 Exception <a 'java/lang/NoSuchMethodError'{0x00000000c5037de0}: 'float java.lang.invoke.DirectMethodHandle$Holder.invokeVirtual(java.lang.Object, java.lang.Object)'> (0x00000000c5037de0) 
thrown [e:\jenkins\tmp\workspace\build\src\src\hotspot\share\interpreter\linkResolver.cpp, line 766]
Event: 3.635 Thread 0x000000005e909130 Exception <a 'java/lang/NoSuchMethodError'{0x00000000c5040da0}: 'long java.lang.invoke.DirectMethodHandle$Holder.invokeVirtual(java.lang.Object, java.lang.Object)'> (0x00000000c5040da0) 
thrown [e:\jenkins\tmp\workspace\build\src\src\hotspot\share\interpreter\linkResolver.cpp, line 766]
Event: 3.640 Thread 0x000000005e5c57e0 Exception <a 'java/lang/NoSuchMethodError'{0x00000000c512cbd0}: 'float java.lang.invoke.DirectMethodHandle$Holder.invokeVirtual(java.lang.Object, java.lang.Object)'> (0x00000000c512cbd0) 
thrown [e:\jenkins\tmp\workspace\build\src\src\hotspot\share\interpreter\linkResolver.cpp, line 766]
Event: 3.720 Thread 0x000000005e955ba0 Exception <a 'java/lang/NoSuchMethodError'{0x00000000c4fbbb28}: 'void java.lang.invoke.DirectMethodHandle$Holder.invokeSpecial(java.lang.Object, java.lang.Object, java.lang.Object, java.lang.Object, java.lang.Object)'> (0x00000000c4fbbb28) 
thrown [e:\jenkins\tmp\workspace\build\src\src\hotspot\share\interpreter\linkResolver.cpp, line 766]
Event: 3.721 Thread 0x000000005e5c57e0 Exception <a 'java/lang/NoSuchMethodError'{0x00000000c4f48288}: 'void java.lang.invoke.DirectMethodHandle$Holder.invokeSpecial(java.lang.Object, java.lang.Object, java.lang.Object, java.lang.Object, java.lang.Object)'> (0x00000000c4f48288) 
thrown [e:\jenkins\tmp\workspace\build\src\src\hotspot\share\interpreter\linkResolver.cpp, line 766]
Event: 3.906 Thread 0x0000000060e59dd0 Exception <a 'java/net/SocketException'{0x00000000c5211740}: Socket is not connected: shutdown> (0x00000000c5211740) 
thrown [e:\jenkins\tmp\workspace\build\src\src\hotspot\share\prims\jni.cpp, line 535]
Event: 23.915 Thread 0x000000005e5c57e0 Exception <a 'java/lang/NoSuchMethodError'{0x00000000c44816a0}: 'java.lang.Object java.lang.invoke.DirectMethodHandle$Holder.invokeSpecialIFC(java.lang.Object, java.lang.Object, java.lang.Object)'> (0x00000000c44816a0) 
thrown [e:\jenkins\tmp\workspace\build\src\src\hotspot\share\interpreter\linkResolver.cpp, line 766]
Event: 23.962 Thread 0x000000005e5c57e0 Exception <a 'java/lang/ClassNotFoundException'{0x00000000c4301b40}: sun/util/logging/resources/spi/loggingProvider> (0x00000000c4301b40) 
thrown [e:\jenkins\tmp\workspace\build\src\src\hotspot\share\classfile\systemDictionary.cpp, line 256]

VM Operations (20 events):
Event: 3.537 Executing VM operation: HandshakeAllThreads
Event: 3.537 Executing VM operation: HandshakeAllThreads done
Event: 3.538 Executing VM operation: HandshakeAllThreads
Event: 3.538 Executing VM operation: HandshakeAllThreads done
Event: 3.540 Executing VM operation: HandshakeAllThreads
Event: 3.540 Executing VM operation: HandshakeAllThreads done
Event: 4.010 Executing VM operation: ICBufferFull
Event: 4.015 Executing VM operation: ICBufferFull done
Event: 4.015 Executing VM operation: ICBufferFull
Event: 4.017 Executing VM operation: ICBufferFull done
Event: 4.017 Executing VM operation: ICBufferFull
Event: 4.017 Executing VM operation: ICBufferFull done
Event: 6.017 Executing VM operation: Cleanup
Event: 6.017 Executing VM operation: Cleanup done
Event: 9.017 Executing VM operation: Cleanup
Event: 9.017 Executing VM operation: Cleanup done
Event: 24.024 Executing VM operation: Cleanup
Event: 24.036 Executing VM operation: Cleanup done
Event: 26.035 Executing VM operation: Cleanup
Event: 26.035 Executing VM operation: Cleanup done

Events (20 events):
Event: 23.962 loading class java/util/logging/Level$RbAccess
Event: 23.962 loading class java/util/logging/Level$RbAccess done
Event: 23.963 loading class sun/util/logging/resources/logging
Event: 23.963 loading class sun/util/logging/resources/logging done
Event: 23.963 loading class sun/util/logging/resources/logging_en
Event: 23.963 loading class sun/util/logging/resources/logging_en done
Event: 23.963 loading class sun/util/logging/resources/logging_en
Event: 23.963 loading class sun/util/logging/resources/logging_en done
Event: 23.963 loading class sun/util/logging/resources/logging_en_US
Event: 23.963 loading class sun/util/logging/resources/logging_en_US done
Event: 23.963 loading class sun/util/logging/resources/logging_en_US
Event: 23.963 loading class sun/util/logging/resources/logging_en_US done
Event: 23.963 loading class java/util/Formatter$DateTime
Event: 23.964 loading class java/util/Formatter$DateTime done
Event: 23.964 loading class java/time/ZonedDateTime$1
Event: 23.964 loading class java/time/ZonedDateTime$1 done
Event: 23.964 loading class java/time/LocalDate$1
Event: 23.964 loading class java/time/LocalDate$1 done
Event: 23.965 loading class java/time/LocalTime$1
Event: 23.965 loading class java/time/LocalTime$1 done


Dynamic libraries:
0x000000013fca0000 - 0x000000013fcae000 	E:\softaware\eclips\eclipse-java-2022-03-R-win32-x86_64\eclipse\plugins\org.eclipse.justj.openjdk.hotspot.jre.full.win32.x86_64_17.0.2.v20220201-1208\jre\bin\javaw.exe
0x00000000773f0000 - 0x0000000077599000 	C:\Windows\SYSTEM32\ntdll.dll
0x00000000772d0000 - 0x00000000773ef000 	C:\Windows\system32\kernel32.dll
0x000007fefd460000 - 0x000007fefd4cc000 	C:\Windows\system32\KERNELBASE.dll
0x000007fedea80000 - 0x000007fedea98000 	E:\softaware\eclips\eclipse-java-2022-03-R-win32-x86_64\eclipse\plugins\org.eclipse.justj.openjdk.hotspot.jre.full.win32.x86_64_17.0.2.v20220201-1208\jre\bin\jli.dll
0x000007fefb730000 - 0x000007fefb924000 	C:\Windows\WinSxS\amd64_microsoft.windows.common-controls_6595b64144ccf1df_6.0.7601.18837_none_fa3b1e3d17594757\COMCTL32.dll
0x000007fefd7e0000 - 0x000007fefd87f000 	C:\Windows\system32\msvcrt.dll
0x000007fefd930000 - 0x000007fefd997000 	C:\Windows\system32\GDI32.dll
0x00000000771d0000 - 0x00000000772ca000 	C:\Windows\system32\USER32.dll
0x000007fefe0c0000 - 0x000007fefe0ce000 	C:\Windows\system32\LPK.dll
0x000007fefe0d0000 - 0x000007fefe199000 	C:\Windows\system32\USP10.dll
0x000007fefdae0000 - 0x000007fefdb51000 	C:\Windows\system32\SHLWAPI.dll
0x000007fedeaa0000 - 0x000007fedeab9000 	E:\softaware\eclips\eclipse-java-2022-03-R-win32-x86_64\eclipse\plugins\org.eclipse.justj.openjdk.hotspot.jre.full.win32.x86_64_17.0.2.v20220201-1208\jre\bin\VCRUNTIME140.dll
0x000007fee8f00000 - 0x000007fee8f04000 	E:\softaware\eclips\eclipse-java-2022-03-R-win32-x86_64\eclipse\plugins\org.eclipse.justj.openjdk.hotspot.jre.full.win32.x86_64_17.0.2.v20220201-1208\jre\bin\api-ms-win-crt-runtime-l1-1-0.dll
0x000007feccf10000 - 0x000007fecd00a000 	E:\softaware\eclips\eclipse-java-2022-03-R-win32-x86_64\eclipse\plugins\org.eclipse.justj.openjdk.hotspot.jre.full.win32.x86_64_17.0.2.v20220201-1208\jre\bin\ucrtbase.DLL
0x000007fee98b0000 - 0x000007fee98b3000 	E:\softaware\eclips\eclipse-java-2022-03-R-win32-x86_64\eclipse\plugins\org.eclipse.justj.openjdk.hotspot.jre.full.win32.x86_64_17.0.2.v20220201-1208\jre\bin\api-ms-win-core-localization-l1-2-0.dll
0x000007fee1850000 - 0x000007fee1853000 	E:\softaware\eclips\eclipse-java-2022-03-R-win32-x86_64\eclipse\plugins\org.eclipse.justj.openjdk.hotspot.jre.full.win32.x86_64_17.0.2.v20220201-1208\jre\bin\api-ms-win-core-processthreads-l1-1-1.dll
0x000007fee1410000 - 0x000007fee1413000 	E:\softaware\eclips\eclipse-java-2022-03-R-win32-x86_64\eclipse\plugins\org.eclipse.justj.openjdk.hotspot.jre.full.win32.x86_64_17.0.2.v20220201-1208\jre\bin\api-ms-win-core-file-l1-2-0.dll
0x000007fee13f0000 - 0x000007fee13f3000 	E:\softaware\eclips\eclipse-java-2022-03-R-win32-x86_64\eclipse\plugins\org.eclipse.justj.openjdk.hotspot.jre.full.win32.x86_64_17.0.2.v20220201-1208\jre\bin\api-ms-win-core-timezone-l1-1-0.dll
0x000007fedf6c0000 - 0x000007fedf6c3000 	E:\softaware\eclips\eclipse-java-2022-03-R-win32-x86_64\eclipse\plugins\org.eclipse.justj.openjdk.hotspot.jre.full.win32.x86_64_17.0.2.v20220201-1208\jre\bin\api-ms-win-core-file-l2-1-0.dll
0x000007fee0c50000 - 0x000007fee0c53000 	E:\softaware\eclips\eclipse-java-2022-03-R-win32-x86_64\eclipse\plugins\org.eclipse.justj.openjdk.hotspot.jre.full.win32.x86_64_17.0.2.v20220201-1208\jre\bin\api-ms-win-core-synch-l1-2-0.dll
0x000007fedea70000 - 0x000007fedea73000 	E:\softaware\eclips\eclipse-java-2022-03-R-win32-x86_64\eclipse\plugins\org.eclipse.justj.openjdk.hotspot.jre.full.win32.x86_64_17.0.2.v20220201-1208\jre\bin\api-ms-win-crt-heap-l1-1-0.dll
0x000007fedf230000 - 0x000007fedf234000 	E:\softaware\eclips\eclipse-java-2022-03-R-win32-x86_64\eclipse\plugins\org.eclipse.justj.openjdk.hotspot.jre.full.win32.x86_64_17.0.2.v20220201-1208\jre\bin\api-ms-win-crt-string-l1-1-0.dll
0x000007fedd530000 - 0x000007fedd534000 	E:\softaware\eclips\eclipse-java-2022-03-R-win32-x86_64\eclipse\plugins\org.eclipse.justj.openjdk.hotspot.jre.full.win32.x86_64_17.0.2.v20220201-1208\jre\bin\api-ms-win-crt-stdio-l1-1-0.dll
0x000007fedea60000 - 0x000007fedea64000 	E:\softaware\eclips\eclipse-java-2022-03-R-win32-x86_64\eclipse\plugins\org.eclipse.justj.openjdk.hotspot.jre.full.win32.x86_64_17.0.2.v20220201-1208\jre\bin\api-ms-win-crt-convert-l1-1-0.dll
0x000007fedd510000 - 0x000007fedd513000 	E:\softaware\eclips\eclipse-java-2022-03-R-win32-x86_64\eclipse\plugins\org.eclipse.justj.openjdk.hotspot.jre.full.win32.x86_64_17.0.2.v20220201-1208\jre\bin\api-ms-win-crt-environment-l1-1-0.dll
0x000007fedd520000 - 0x000007fedd523000 	E:\softaware\eclips\eclipse-java-2022-03-R-win32-x86_64\eclipse\plugins\org.eclipse.justj.openjdk.hotspot.jre.full.win32.x86_64_17.0.2.v20220201-1208\jre\bin\api-ms-win-crt-filesystem-l1-1-0.dll
0x000007fedd4f0000 - 0x000007fedd4f5000 	E:\softaware\eclips\eclipse-java-2022-03-R-win32-x86_64\eclipse\plugins\org.eclipse.justj.openjdk.hotspot.jre.full.win32.x86_64_17.0.2.v20220201-1208\jre\bin\api-ms-win-crt-math-l1-1-0.dll
0x000007fedd500000 - 0x000007fedd503000 	E:\softaware\eclips\eclipse-java-2022-03-R-win32-x86_64\eclipse\plugins\org.eclipse.justj.openjdk.hotspot.jre.full.win32.x86_64_17.0.2.v20220201-1208\jre\bin\api-ms-win-crt-locale-l1-1-0.dll
0x000007fefd8e0000 - 0x000007fefd90e000 	C:\Windows\system32\IMM32.DLL
0x000007fefdf10000 - 0x000007fefe019000 	C:\Windows\system32\MSCTF.dll
0x000007fee9d80000 - 0x000007fee9d8c000 	E:\softaware\eclips\eclipse-java-2022-03-R-win32-x86_64\eclipse\plugins\org.eclipse.justj.openjdk.hotspot.jre.full.win32.x86_64_17.0.2.v20220201-1208\jre\bin\vcruntime140_1.dll
0x000007fecda10000 - 0x000007fecdaa1000 	E:\softaware\eclips\eclipse-java-2022-03-R-win32-x86_64\eclipse\plugins\org.eclipse.justj.openjdk.hotspot.jre.full.win32.x86_64_17.0.2.v20220201-1208\jre\bin\msvcp140.dll
0x000007fedd4c0000 - 0x000007fedd4c3000 	E:\softaware\eclips\eclipse-java-2022-03-R-win32-x86_64\eclipse\plugins\org.eclipse.justj.openjdk.hotspot.jre.full.win32.x86_64_17.0.2.v20220201-1208\jre\bin\api-ms-win-crt-time-l1-1-0.dll
0x000007fedd4e0000 - 0x000007fedd4e3000 	E:\softaware\eclips\eclipse-java-2022-03-R-win32-x86_64\eclipse\plugins\org.eclipse.justj.openjdk.hotspot.jre.full.win32.x86_64_17.0.2.v20220201-1208\jre\bin\api-ms-win-crt-utility-l1-1-0.dll
0x000007fecc210000 - 0x000007fecce57000 	E:\softaware\eclips\eclipse-java-2022-03-R-win32-x86_64\eclipse\plugins\org.eclipse.justj.openjdk.hotspot.jre.full.win32.x86_64_17.0.2.v20220201-1208\jre\bin\server\jvm.dll
0x000007fefdb60000 - 0x000007fefdc3b000 	C:\Windows\system32\ADVAPI32.dll
0x000007fefd910000 - 0x000007fefd92f000 	C:\Windows\SYSTEM32\sechost.dll
0x000007fefd9b0000 - 0x000007fefdadd000 	C:\Windows\system32\RPCRT4.dll
0x000007fef92a0000 - 0x000007fef92a9000 	C:\Windows\system32\WSOCK32.dll
0x000007fefe320000 - 0x000007fefe36d000 	C:\Windows\system32\WS2_32.dll
0x000007fefd9a0000 - 0x000007fefd9a8000 	C:\Windows\system32\NSI.dll
0x000007fefb930000 - 0x000007fefb96b000 	C:\Windows\system32\WINMM.dll
0x000007fefc240000 - 0x000007fefc24c000 	C:\Windows\system32\VERSION.dll
0x00000000775c0000 - 0x00000000775c7000 	C:\Windows\system32\PSAPI.DLL
0x000007fee9d20000 - 0x000007fee9d2a000 	E:\softaware\eclips\eclipse-java-2022-03-R-win32-x86_64\eclipse\plugins\org.eclipse.justj.openjdk.hotspot.jre.full.win32.x86_64_17.0.2.v20220201-1208\jre\bin\jimage.dll
0x000007fef7b00000 - 0x000007fef7c25000 	C:\Windows\system32\DBGHELP.DLL
0x000007fee0d70000 - 0x000007fee0d95000 	E:\softaware\eclips\eclipse-java-2022-03-R-win32-x86_64\eclipse\plugins\org.eclipse.justj.openjdk.hotspot.jre.full.win32.x86_64_17.0.2.v20220201-1208\jre\bin\java.dll
0x000007fee19a0000 - 0x000007fee19b8000 	E:\softaware\eclips\eclipse-java-2022-03-R-win32-x86_64\eclipse\plugins\org.eclipse.justj.openjdk.hotspot.jre.full.win32.x86_64_17.0.2.v20220201-1208\jre\bin\zip.dll
0x000007fefe500000 - 0x000007feff289000 	C:\Windows\system32\SHELL32.dll
0x000007feff4f0000 - 0x000007feff6f3000 	C:\Windows\system32\ole32.dll
0x000007fefd1b0000 - 0x000007fefd1bf000 	C:\Windows\system32\profapi.dll
0x000007fee0d50000 - 0x000007fee0d69000 	E:\softaware\eclips\eclipse-java-2022-03-R-win32-x86_64\eclipse\plugins\org.eclipse.justj.openjdk.hotspot.jre.full.win32.x86_64_17.0.2.v20220201-1208\jre\bin\net.dll
0x000007fef8390000 - 0x000007fef8401000 	C:\Windows\system32\WINHTTP.dll
0x000007fef8320000 - 0x000007fef8384000 	C:\Windows\system32\webio.dll
0x000007fefc980000 - 0x000007fefc9d5000 	C:\Windows\system32\mswsock.dll
0x000007fefc970000 - 0x000007fefc977000 	C:\Windows\System32\wship6.dll
0x000007fee0d30000 - 0x000007fee0d45000 	E:\softaware\eclips\eclipse-java-2022-03-R-win32-x86_64\eclipse\plugins\org.eclipse.justj.openjdk.hotspot.jre.full.win32.x86_64_17.0.2.v20220201-1208\jre\bin\nio.dll
0x000007fefc360000 - 0x000007fefc367000 	C:\Windows\System32\wshtcpip.dll
0x000007fefc800000 - 0x000007fefc85b000 	C:\Windows\system32\DNSAPI.dll
0x00000000737e0000 - 0x0000000073806000 	C:\Program Files\Bonjour\mdnsNSP.dll
0x000007fefa660000 - 0x000007fefa687000 	C:\Windows\system32\Iphlpapi.DLL
0x000007fefa640000 - 0x000007fefa64b000 	C:\Windows\system32\WINNSI.DLL
0x000007fef96d0000 - 0x000007fef96d8000 	C:\Windows\system32\rasadhlp.dll
0x000007fefa480000 - 0x000007fefa4d3000 	C:\Windows\System32\fwpuclnt.dll
0x000007fefc9e0000 - 0x000007fefc9f8000 	C:\Windows\system32\CRYPTSP.dll
0x000007fefc6e0000 - 0x000007fefc727000 	C:\Windows\system32\rsaenh.dll
0x000007fefd200000 - 0x000007fefd21e000 	C:\Windows\system32\USERENV.dll
0x000007fefd040000 - 0x000007fefd04f000 	C:\Windows\system32\CRYPTBASE.dll
0x000007fefa8e0000 - 0x000007fefa8f8000 	C:\Windows\system32\dhcpcsvc.DLL
0x000007fefa350000 - 0x000007fefa361000 	C:\Windows\system32\dhcpcsvc6.DLL
0x000007fee9d30000 - 0x000007fee9d40000 	E:\softaware\eclips\eclipse-java-2022-03-R-win32-x86_64\eclipse\plugins\org.eclipse.justj.openjdk.hotspot.jre.full.win32.x86_64_17.0.2.v20220201-1208\jre\bin\verify.dll
0x000007fee9d10000 - 0x000007fee9d1e000 	E:\softaware\eclips\eclipse-java-2022-03-R-win32-x86_64\eclipse\plugins\org.eclipse.justj.openjdk.hotspot.jre.full.win32.x86_64_17.0.2.v20220201-1208\jre\bin\sunmscapi.dll
0x000007fefd2f0000 - 0x000007fefd45d000 	C:\Windows\system32\CRYPT32.dll
0x000007fefd1a0000 - 0x000007fefd1af000 	C:\Windows\system32\MSASN1.dll
0x000007fefcb60000 - 0x000007fefcbb0000 	C:\Windows\system32\ncrypt.dll
0x000007fefcb30000 - 0x000007fefcb52000 	C:\Windows\system32\bcrypt.dll
0x000007fedd4d0000 - 0x000007fedd4d9000 	E:\softaware\eclips\eclipse-java-2022-03-R-win32-x86_64\eclipse\plugins\org.eclipse.justj.openjdk.hotspot.jre.full.win32.x86_64_17.0.2.v20220201-1208\jre\bin\management.dll
0x000007fedd4b0000 - 0x000007fedd4bb000 	E:\softaware\eclips\eclipse-java-2022-03-R-win32-x86_64\eclipse\plugins\org.eclipse.justj.openjdk.hotspot.jre.full.win32.x86_64_17.0.2.v20220201-1208\jre\bin\management_ext.dll
0x000007fefb000000 - 0x000007fefb015000 	C:\Windows\system32\NLAapi.dll
0x000007feeead0000 - 0x000007feeeae5000 	C:\Windows\system32\napinsp.dll
0x000007feec240000 - 0x000007feec259000 	C:\Windows\system32\pnrpnsp.dll
0x000007feec230000 - 0x000007feec23b000 	C:\Windows\System32\winrnr.dll
0x000007feec220000 - 0x000007feec230000 	C:\Windows\system32\wshbth.dll
0x000007fefcfe0000 - 0x000007fefd037000 	C:\Windows\system32\apphelp.dll

dbghelp: loaded successfully - version: 4.0.5 - missing functions: none
symbol engine: initialized successfully - sym options: 0x614 - pdb path: .;E:\softaware\eclips\eclipse-java-2022-03-R-win32-x86_64\eclipse\plugins\org.eclipse.justj.openjdk.hotspot.jre.full.win32.x86_64_17.0.2.v20220201-1208\jre\bin;C:\Windows\SYSTEM32;C:\Windows\WinSxS\amd64_microsoft.windows.common-controls_6595b64144ccf1df_6.0.7601.18837_none_fa3b1e3d17594757;E:\softaware\eclips\eclipse-java-2022-03-R-win32-x86_64\eclipse\plugins\org.eclipse.justj.openjdk.hotspot.jre.full.win32.x86_64_17.0.2.v20220201-1208\jre\bin\server;C:\Program Files\Bonjour

VM Arguments:
jvm_args: -ea -Dfile.encoding=Cp1252 -XX:+ShowCodeDetailsInExceptionMessages 
java_command: org.testng.remote.RemoteTestNG -serport 57505 -protocol json -d C:\Users\admin\eclipse-workspace\MVNpro\test-output C:\Users\admin\eclipse-workspace\MVNpro\testng.xml
java_class_path (initial): E:\softaware\eclips\eclipse-java-2022-03-R-win32-x86_64\eclipse\configuration\org.eclipse.osgi\436\0\.cp\lib\testng-remote.jar;C:\Users\admin\eclipse-workspace\MVNpro\target\test-classes;C:\Users\admin\eclipse-workspace\MVNpro\target\classes;E:\softaware\eclips\eclipse-java-2022-03-R-win32-x86_64\eclipse\plugins\org.testng_7.4.0.r202105021533.jar;C:\Users\admin\.m2\repository\junit\junit\4.11\junit-4.11.jar;C:\Users\admin\.m2\repository\org\hamcrest\hamcrest-core\1.3\hamcrest-core-1.3.jar;C:\Users\admin\.m2\repository\io\github\bonigarcia\webdrivermanager\5.3.0\webdrivermanager-5.3.0.jar;C:\Users\admin\.m2\repository\org\slf4j\slf4j-api\1.7.36\slf4j-api-1.7.36.jar;C:\Users\admin\.m2\repository\com\google\code\gson\gson\2.9.1\gson-2.9.1.jar;C:\Users\admin\.m2\repository\com\github\docker-java\docker-java\3.2.13\docker-java-3.2.13.jar;C:\Users\admin\.m2\repository\com\github\docker-java\docker-java-core\3.2.13\docker-java-core-3.2.13.jar;C:\Users\admin\.m2\repository\com\github\docker-java\docker-java-api\3.2.13\docker-java-api-3.2.13.jar;C:\Users\admin\.m2\repository\com\fasterxml\jackson\core\jackson-annotations\2.10.3\jackson-annotations-2.10.3.jar;C:\Users\admin\.m2\repository\org\apache\commons\commons-compress\1.21\commons-compress-1.21.jar;C:\Users\admin\.m2\repository\com\fasterxml\jackson\core\jackson-databind\2.10.3\jackson-databind-2.10.3.jar;C:\Users\admin\.m2\repository\com\fasterxml\jackson\core\jackson-core\2.10.3\jackson-core-2.10.3.jar;C:\Users\admin\.m2\repository\org\bouncycastle\bcpkix-jdk15on\1.64\bcpkix-jdk15on-1.64.jar;C:\Users\admin\.m2\repository\org\bouncycastle\bcprov-jdk15on\1.64\bcprov-jdk15on-1.64.jar;C:\Users\admin\.m2\repository\org\slf4j\jcl-over-slf4j\1.7.30\jcl-over-slf4j-1.7.30.jar;C:\Users\admin\.m2\repository\com\github\docker-java\docker-java-transport-httpclient5\3.2.13\docker-java-transport-httpclient5-3.2.13.jar;C:\Users\admin\.m2\repository\com\github\docker-java\docker-java-transport\3.2.13\docke
Launcher Type: SUN_STANDARD

[Global flags]
     intx CICompilerCount                          = 3                                         {product} {ergonomic}
     uint ConcGCThreads                            = 1                                         {product} {ergonomic}
     uint G1ConcRefinementThreads                  = 4                                         {product} {ergonomic}
   size_t G1HeapRegionSize                         = 1048576                                   {product} {ergonomic}
    uintx GCDrainStackTargetSize                   = 64                                        {product} {ergonomic}
   size_t InitialHeapSize                          = 67108864                                  {product} {ergonomic}
   size_t MarkStackSize                            = 4194304                                   {product} {ergonomic}
   size_t MaxHeapSize                              = 1048576000                                {product} {ergonomic}
   size_t MaxNewSize                               = 629145600                                 {product} {ergonomic}
   size_t MinHeapDeltaBytes                        = 1048576                                   {product} {ergonomic}
   size_t MinHeapSize                              = 8388608                                   {product} {ergonomic}
    uintx NonNMethodCodeHeapSize                   = 5832780                                {pd product} {ergonomic}
    uintx NonProfiledCodeHeapSize                  = 122912730                              {pd product} {ergonomic}
    uintx ProfiledCodeHeapSize                     = 122912730                              {pd product} {ergonomic}
    uintx ReservedCodeCacheSize                    = 251658240                              {pd product} {ergonomic}
     bool SegmentedCodeCache                       = true                                      {product} {ergonomic}
     bool ShowCodeDetailsInExceptionMessages       = true                                   {manageable} {command line}
   size_t SoftMaxHeapSize                          = 1048576000                             {manageable} {ergonomic}
     bool UseCompressedClassPointers               = true                           {product lp64_product} {ergonomic}
     bool UseCompressedOops                        = true                           {product lp64_product} {ergonomic}
     bool UseG1GC                                  = true                                      {product} {ergonomic}
     bool UseLargePagesIndividualAllocation        = false                                  {pd product} {ergonomic}

Logging:
Log output configuration:
 #0: stdout all=warning uptime,level,tags
 #1: stderr all=off uptime,level,tags

Environment Variables:
PATH=E:/softaware/eclips/eclipse-java-2022-03-R-win32-x86_64/eclipse//plugins/org.eclipse.justj.openjdk.hotspot.jre.full.win32.x86_64_17.0.2.v20220201-1208/jre/bin/server;E:/softaware/eclips/eclipse-java-2022-03-R-win32-x86_64/eclipse//plugins/org.eclipse.justj.openjdk.hotspot.jre.full.win32.x86_64_17.0.2.v20220201-1208/jre/bin;C:\Program Files (x86)\Common Files\Oracle\Java\javapath;C:\Program Files\Java\jdk1.8.0_202\bin;C:\Program Files\Java\jre1.8.0_202\bin;C:\maven\apache-maven-3.8.6\bin;E:\softaware\eclips\eclipse-java-2022-03-R-win32-x86_64\eclipse;
USERNAME=admin
OS=Windows_NT
PROCESSOR_IDENTIFIER=Intel64 Family 6 Model 58 Stepping 9, GenuineIntel



---------------  S Y S T E M  ---------------

OS:
 Windows 7 , 64 bit Build 7601 (6.1.7601.18869)
OS uptime: 0 days 5:30 hours

CPU: total 4 (initial active 4) (2 cores per cpu, 2 threads per core) family 6 model 58 stepping 9 microcode 0x0, cx8, cmov, fxsr, ht, mmx, sse, sse2, sse3, ssse3, sse4.1, sse4.2, popcnt, tsc, tscinvbit, avx, aes, erms, clmul, vzeroupper, clflush

Memory: 4k page, system-wide physical 3998M (536M free)
TotalPageFile size 8082M (AvailPageFile size 4M)
current process WorkingSet (physical memory assigned to process): 144M, peak: 185M
current process commit charge ("private bytes"): 187M, peak: 230M

vm_info: OpenJDK 64-Bit Server VM (17.0.2+8) for windows-amd64 JRE (17.0.2+8), built on Jan 20 2022 04:52:34 by "" with MS VC++ 16.7 (VS2019)

END.
